<?xml version="1.0" encoding="UTF-8"?>
<testsuite name="org.fop.weather.WeatherApplicationTests" tests="1" skipped="0" failures="0" errors="0" timestamp="2023-02-15T16:14:06" hostname="gesserok-GL753VE" time="0.514">
  <properties/>
  <testcase name="contextLoads()" classname="org.fop.weather.WeatherApplicationTests" time="0.514"/>
  <system-out><![CDATA[18:14:04.725 [Test worker] DEBUG org.springframework.boot.test.context.SpringBootTestContextBootstrapper - Neither @ContextConfiguration nor @ContextHierarchy found for test class [WeatherApplicationTests]: using SpringBootContextLoader
18:14:04.734 [Test worker] DEBUG org.springframework.test.context.support.AbstractContextLoader - Could not detect default resource locations for test class [org.fop.weather.WeatherApplicationTests]: no resource found for suffixes {-context.xml, Context.groovy}.
18:14:04.736 [Test worker] INFO org.springframework.test.context.support.AnnotationConfigContextLoaderUtils - Could not detect default configuration classes for test class [org.fop.weather.WeatherApplicationTests]: WeatherApplicationTests does not declare any static, non-private, non-final, nested classes annotated with @Configuration.
18:14:04.770 [Test worker] DEBUG org.springframework.boot.test.context.SpringBootTestContextBootstrapper - Using ContextCustomizers for test class [WeatherApplicationTests]: [DisableObservabilityContextCustomizer, PropertyMappingContextCustomizer, Customizer, ExcludeFilterContextCustomizer, DuplicateJsonObjectContextCustomizer, MockitoContextCustomizer, TestRestTemplateContextCustomizer]
18:14:04.848 [Test worker] DEBUG org.springframework.context.annotation.ClassPathScanningCandidateComponentProvider - Identified candidate component class: file [/home/gesserok/projects/kotlin/FOP/weather/build/classes/kotlin/main/org/fop/weather/WeatherApplication.class]
18:14:04.851 [Test worker] INFO org.springframework.boot.test.context.SpringBootTestContextBootstrapper - Found @SpringBootConfiguration org.fop.weather.WeatherApplication for test class org.fop.weather.WeatherApplicationTests
18:14:04.970 [Test worker] DEBUG org.springframework.test.context.util.TestContextSpringFactoriesUtils - Skipping candidate TestExecutionListener [org.springframework.test.context.transaction.TransactionalTestExecutionListener] due to a missing dependency. Specify custom TestExecutionListener classes or make the default TestExecutionListener classes and their required dependencies available. Offending class: [org/springframework/transaction/interceptor/TransactionAttributeSource]
18:14:04.972 [Test worker] DEBUG org.springframework.test.context.util.TestContextSpringFactoriesUtils - Skipping candidate TestExecutionListener [org.springframework.test.context.jdbc.SqlScriptsTestExecutionListener] due to a missing dependency. Specify custom TestExecutionListener classes or make the default TestExecutionListener classes and their required dependencies available. Offending class: [org/springframework/transaction/interceptor/TransactionAttribute]
18:14:04.977 [Test worker] DEBUG org.springframework.boot.test.context.SpringBootTestContextBootstrapper - Using TestExecutionListeners for test class [WeatherApplicationTests]: [ServletTestExecutionListener, DirtiesContextBeforeModesTestExecutionListener, ApplicationEventsTestExecutionListener, MockitoTestExecutionListener, DependencyInjectionTestExecutionListener, DirtiesContextTestExecutionListener, EventPublishingTestExecutionListener, RestDocsTestExecutionListener, MockRestServiceServerResetTestExecutionListener, MockMvcPrintOnlyOnFailureTestExecutionListener, WebDriverTestExecutionListener, MockWebServiceServerTestExecutionListener, ResetMocksTestExecutionListener]
18:14:04.981 [Test worker] DEBUG org.springframework.test.context.support.AbstractDirtiesContextTestExecutionListener - Before test class: class [WeatherApplicationTests], class annotated with @DirtiesContext [false] with mode [null]

  .   ____          _            __ _ _
 /\\ / ___'_ __ _ _(_)_ __  __ _ \ \ \ \
( ( )\___ | '_ | '_| | '_ \/ _` | \ \ \ \
 \\/  ___)| |_)| | | | | || (_| |  ) ) ) )
  '  |____| .__|_| |_|_| |_\__, | / / / /
 =========|_|==============|___/=/_/_/_/
 :: Spring Boot ::                (v3.0.2)

2023-02-15T18:14:05.333+02:00  INFO 2572292 --- [    Test worker] o.fop.weather.WeatherApplicationTests    : Starting WeatherApplicationTests using Java 17.0.5 with PID 2572292 (started by gesserok in /home/gesserok/projects/kotlin/FOP/weather)
2023-02-15T18:14:05.335+02:00  INFO 2572292 --- [    Test worker] o.fop.weather.WeatherApplicationTests    : No active profile set, falling back to 1 default profile: "default"
2023-02-15T18:14:06.750+02:00  INFO 2572292 --- [    Test worker] o.fop.weather.WeatherApplicationTests    : Started WeatherApplicationTests in 1.713 seconds (process running for 2.925)
]]></system-out>
  <system-err><![CDATA[]]></system-err>
</testsuite>
